{"/Users/rohan/Code/02-project---reservationizr-app-part-2---manage-reservations-RohanSChandra/server/src/app.js": {"path":"/Users/rohan/Code/02-project---reservationizr-app-part-2---manage-reservations-RohanSChandra/server/src/app.js","statementMap":{"0":{"start":{"line":1,"column":16},"end":{"line":1,"column":34}},"1":{"start":{"line":2,"column":13},"end":{"line":2,"column":28}},"2":{"start":{"line":3,"column":45},"end":{"line":3,"column":65}},"3":{"start":{"line":4,"column":17},"end":{"line":4,"column":53}},"4":{"start":{"line":5,"column":16},"end":{"line":5,"column":42}},"5":{"start":{"line":6,"column":26},"end":{"line":6,"column":56}},"6":{"start":{"line":7,"column":27},"end":{"line":7,"column":58}},"7":{"start":{"line":8,"column":26},"end":{"line":8,"column":62}},"8":{"start":{"line":9,"column":25},"end":{"line":9,"column":60}},"9":{"start":{"line":11,"column":12},"end":{"line":11,"column":21}},"10":{"start":{"line":12,"column":17},"end":{"line":15,"column":2}},"11":{"start":{"line":17,"column":0},"end":{"line":17,"column":16}},"12":{"start":{"line":18,"column":0},"end":{"line":18,"column":24}},"13":{"start":{"line":20,"column":0},"end":{"line":45,"column":2}},"14":{"start":{"line":31,"column":4},"end":{"line":43,"column":5}},"15":{"start":{"line":32,"column":29},"end":{"line":32,"column":36}},"16":{"start":{"line":33,"column":30},"end":{"line":36,"column":7}},"17":{"start":{"line":37,"column":26},"end":{"line":37,"column":64}},"18":{"start":{"line":38,"column":6},"end":{"line":38,"column":31}},"19":{"start":{"line":39,"column":6},"end":{"line":39,"column":72}},"20":{"start":{"line":41,"column":6},"end":{"line":41,"column":25}},"21":{"start":{"line":42,"column":6},"end":{"line":42,"column":18}},"22":{"start":{"line":47,"column":0},"end":{"line":51,"column":3}},"23":{"start":{"line":48,"column":22},"end":{"line":48,"column":53}},"24":{"start":{"line":49,"column":30},"end":{"line":49,"column":64}},"25":{"start":{"line":50,"column":2},"end":{"line":50,"column":49}},"26":{"start":{"line":52,"column":0},"end":{"line":65,"column":3}},"27":{"start":{"line":53,"column":17},"end":{"line":53,"column":31}},"28":{"start":{"line":54,"column":2},"end":{"line":64,"column":3}},"29":{"start":{"line":55,"column":23},"end":{"line":55,"column":58}},"30":{"start":{"line":57,"column":4},"end":{"line":61,"column":5}},"31":{"start":{"line":58,"column":6},"end":{"line":58,"column":58}},"32":{"start":{"line":60,"column":6},"end":{"line":60,"column":74}},"33":{"start":{"line":63,"column":4},"end":{"line":63,"column":71}},"34":{"start":{"line":67,"column":0},"end":{"line":74,"column":3}},"35":{"start":{"line":68,"column":19},"end":{"line":68,"column":26}},"36":{"start":{"line":69,"column":23},"end":{"line":71,"column":4}},"37":{"start":{"line":72,"column":31},"end":{"line":72,"column":67}},"38":{"start":{"line":73,"column":2},"end":{"line":73,"column":50}},"39":{"start":{"line":76,"column":0},"end":{"line":99,"column":3}},"40":{"start":{"line":77,"column":17},"end":{"line":77,"column":31}},"41":{"start":{"line":78,"column":19},"end":{"line":78,"column":26}},"42":{"start":{"line":80,"column":2},"end":{"line":98,"column":3}},"43":{"start":{"line":81,"column":24},"end":{"line":81,"column":60}},"44":{"start":{"line":83,"column":4},"end":{"line":95,"column":5}},"45":{"start":{"line":84,"column":6},"end":{"line":92,"column":7}},"46":{"start":{"line":85,"column":8},"end":{"line":85,"column":62}},"47":{"start":{"line":87,"column":8},"end":{"line":91,"column":13}},"48":{"start":{"line":94,"column":6},"end":{"line":94,"column":63}},"49":{"start":{"line":97,"column":4},"end":{"line":97,"column":71}},"50":{"start":{"line":100,"column":0},"end":{"line":100,"column":18}},"51":{"start":{"line":102,"column":0},"end":{"line":102,"column":21}}},"fnMap":{"0":{"name":"(anonymous_0)","decl":{"start":{"line":30,"column":2},"end":{"line":30,"column":3}},"loc":{"start":{"line":30,"column":37},"end":{"line":44,"column":3}},"line":30},"1":{"name":"(anonymous_1)","decl":{"start":{"line":47,"column":24},"end":{"line":47,"column":25}},"loc":{"start":{"line":47,"column":53},"end":{"line":51,"column":1}},"line":47},"2":{"name":"(anonymous_2)","decl":{"start":{"line":52,"column":28},"end":{"line":52,"column":29}},"loc":{"start":{"line":52,"column":57},"end":{"line":65,"column":1}},"line":52},"3":{"name":"(anonymous_3)","decl":{"start":{"line":67,"column":35},"end":{"line":67,"column":36}},"loc":{"start":{"line":67,"column":64},"end":{"line":74,"column":1}},"line":67},"4":{"name":"(anonymous_4)","decl":{"start":{"line":76,"column":39},"end":{"line":76,"column":40}},"loc":{"start":{"line":76,"column":68},"end":{"line":99,"column":1}},"line":76}},"branchMap":{"0":{"loc":{"start":{"line":54,"column":2},"end":{"line":64,"column":3}},"type":"if","locations":[{"start":{"line":54,"column":2},"end":{"line":64,"column":3}},{"start":{"line":62,"column":9},"end":{"line":64,"column":3}}],"line":54},"1":{"loc":{"start":{"line":57,"column":4},"end":{"line":61,"column":5}},"type":"if","locations":[{"start":{"line":57,"column":4},"end":{"line":61,"column":5}},{"start":{"line":59,"column":11},"end":{"line":61,"column":5}}],"line":57},"2":{"loc":{"start":{"line":80,"column":2},"end":{"line":98,"column":3}},"type":"if","locations":[{"start":{"line":80,"column":2},"end":{"line":98,"column":3}},{"start":{"line":96,"column":9},"end":{"line":98,"column":3}}],"line":80},"3":{"loc":{"start":{"line":83,"column":4},"end":{"line":95,"column":5}},"type":"if","locations":[{"start":{"line":83,"column":4},"end":{"line":95,"column":5}},{"start":{"line":93,"column":11},"end":{"line":95,"column":5}}],"line":83},"4":{"loc":{"start":{"line":84,"column":6},"end":{"line":92,"column":7}},"type":"if","locations":[{"start":{"line":84,"column":6},"end":{"line":92,"column":7}},{"start":{"line":86,"column":13},"end":{"line":92,"column":7}}],"line":84}},"s":{"0":1,"1":1,"2":1,"3":1,"4":1,"5":1,"6":1,"7":1,"8":1,"9":1,"10":1,"11":1,"12":1,"13":1,"14":1,"15":1,"16":1,"17":1,"18":1,"19":1,"20":0,"21":0,"22":1,"23":1,"24":1,"25":1,"26":1,"27":3,"28":3,"29":2,"30":2,"31":1,"32":1,"33":1,"34":1,"35":1,"36":1,"37":1,"38":1,"39":1,"40":4,"41":4,"42":4,"43":3,"44":3,"45":2,"46":1,"47":1,"48":1,"49":1,"50":1,"51":1},"f":{"0":1,"1":1,"2":3,"3":1,"4":4},"b":{"0":[2,1],"1":[1,1],"2":[3,1],"3":[2,1],"4":[1,1]},"_coverageSchema":"1a1c01bbd47fc00a2c39e90264f33305004495a9","hash":"f88c0568d0a78c6e36540fa0db69f2b82cac163a"}
,"/Users/rohan/Code/02-project---reservationizr-app-part-2---manage-reservations-RohanSChandra/server/src/formatReservations.js": {"path":"/Users/rohan/Code/02-project---reservationizr-app-part-2---manage-reservations-RohanSChandra/server/src/formatReservations.js","statementMap":{"0":{"start":{"line":1,"column":27},"end":{"line":9,"column":1}},"1":{"start":{"line":2,"column":2},"end":{"line":8,"column":4}},"2":{"start":{"line":11,"column":0},"end":{"line":11,"column":36}}},"fnMap":{"0":{"name":"(anonymous_0)","decl":{"start":{"line":1,"column":27},"end":{"line":1,"column":28}},"loc":{"start":{"line":1,"column":44},"end":{"line":9,"column":1}},"line":1}},"branchMap":{},"s":{"0":2,"1":5,"2":2},"f":{"0":5},"b":{},"_coverageSchema":"1a1c01bbd47fc00a2c39e90264f33305004495a9","hash":"3c476aa1e4069a41bdaf8d39f3d57d361b0ebd09"}
,"/Users/rohan/Code/02-project---reservationizr-app-part-2---manage-reservations-RohanSChandra/server/src/formatRestaurants.js": {"path":"/Users/rohan/Code/02-project---reservationizr-app-part-2---manage-reservations-RohanSChandra/server/src/formatRestaurants.js","statementMap":{"0":{"start":{"line":1,"column":26},"end":{"line":8,"column":1}},"1":{"start":{"line":2,"column":2},"end":{"line":7,"column":4}},"2":{"start":{"line":10,"column":0},"end":{"line":10,"column":35}}},"fnMap":{"0":{"name":"(anonymous_0)","decl":{"start":{"line":1,"column":26},"end":{"line":1,"column":27}},"loc":{"start":{"line":1,"column":43},"end":{"line":8,"column":1}},"line":1}},"branchMap":{},"s":{"0":2,"1":5,"2":2},"f":{"0":5},"b":{},"_coverageSchema":"1a1c01bbd47fc00a2c39e90264f33305004495a9","hash":"3d97ffb927c2a4a792a01107ad6549365e9a3a72"}
,"/Users/rohan/Code/02-project---reservationizr-app-part-2---manage-reservations-RohanSChandra/server/src/models/ReservationModel.js": {"path":"/Users/rohan/Code/02-project---reservationizr-app-part-2---manage-reservations-RohanSChandra/server/src/models/ReservationModel.js","statementMap":{"0":{"start":{"line":3,"column":17},"end":{"line":3,"column":36}},"1":{"start":{"line":4,"column":19},"end":{"line":4,"column":27}},"2":{"start":{"line":6,"column":27},"end":{"line":11,"column":2}},"3":{"start":{"line":13,"column":26},"end":{"line":13,"column":75}},"4":{"start":{"line":14,"column":0},"end":{"line":14,"column":35}}},"fnMap":{},"branchMap":{},"s":{"0":4,"1":4,"2":4,"3":4,"4":4},"f":{},"b":{},"_coverageSchema":"1a1c01bbd47fc00a2c39e90264f33305004495a9","hash":"36dd399476596b26fa1a5e8fc9733dae7b812631"}
,"/Users/rohan/Code/02-project---reservationizr-app-part-2---manage-reservations-RohanSChandra/server/src/models/RestaurantModel.js": {"path":"/Users/rohan/Code/02-project---reservationizr-app-part-2---manage-reservations-RohanSChandra/server/src/models/RestaurantModel.js","statementMap":{"0":{"start":{"line":3,"column":17},"end":{"line":3,"column":36}},"1":{"start":{"line":4,"column":19},"end":{"line":4,"column":27}},"2":{"start":{"line":6,"column":26},"end":{"line":10,"column":2}},"3":{"start":{"line":12,"column":25},"end":{"line":12,"column":72}},"4":{"start":{"line":13,"column":0},"end":{"line":13,"column":34}}},"fnMap":{},"branchMap":{},"s":{"0":4,"1":4,"2":4,"3":4,"4":4},"f":{},"b":{},"_coverageSchema":"1a1c01bbd47fc00a2c39e90264f33305004495a9","hash":"2b776791863f80984a7b7f0ba541177b1f00e183"}
,"/Users/rohan/Code/02-project---reservationizr-app-part-2---manage-reservations-RohanSChandra/server/src/utils/validId.js": {"path":"/Users/rohan/Code/02-project---reservationizr-app-part-2---manage-reservations-RohanSChandra/server/src/utils/validId.js","statementMap":{"0":{"start":{"line":1,"column":17},"end":{"line":1,"column":36}},"1":{"start":{"line":3,"column":16},"end":{"line":5,"column":1}},"2":{"start":{"line":4,"column":2},"end":{"line":4,"column":45}},"3":{"start":{"line":7,"column":0},"end":{"line":7,"column":25}}},"fnMap":{"0":{"name":"(anonymous_0)","decl":{"start":{"line":3,"column":16},"end":{"line":3,"column":17}},"loc":{"start":{"line":3,"column":24},"end":{"line":5,"column":1}},"line":3}},"branchMap":{},"s":{"0":2,"1":2,"2":9,"3":2},"f":{"0":9},"b":{},"_coverageSchema":"1a1c01bbd47fc00a2c39e90264f33305004495a9","hash":"d0bd038ca863dfb6f98ef81198df618ad8c22ca9"}
}
