TN:
SF:src/app.js
FN:30,(anonymous_0)
FN:47,(anonymous_1)
FN:52,(anonymous_2)
FN:67,(anonymous_3)
FN:76,(anonymous_4)
FNF:5
FNH:5
FNDA:1,(anonymous_0)
FNDA:1,(anonymous_1)
FNDA:3,(anonymous_2)
FNDA:1,(anonymous_3)
FNDA:4,(anonymous_4)
DA:1,1
DA:2,1
DA:3,1
DA:4,1
DA:5,1
DA:6,1
DA:7,1
DA:8,1
DA:9,1
DA:11,1
DA:12,1
DA:17,1
DA:18,1
DA:20,1
DA:31,1
DA:32,1
DA:33,1
DA:37,1
DA:38,1
DA:39,1
DA:41,0
DA:42,0
DA:47,1
DA:48,1
DA:49,1
DA:50,1
DA:52,1
DA:53,3
DA:54,3
DA:55,2
DA:57,2
DA:58,1
DA:60,1
DA:63,1
DA:67,1
DA:68,1
DA:69,1
DA:72,1
DA:73,1
DA:76,1
DA:77,4
DA:78,4
DA:80,4
DA:81,3
DA:83,3
DA:84,2
DA:85,1
DA:87,1
DA:94,1
DA:97,1
DA:100,1
DA:102,1
LF:52
LH:50
BRDA:54,0,0,2
BRDA:54,0,1,1
BRDA:57,1,0,1
BRDA:57,1,1,1
BRDA:80,2,0,3
BRDA:80,2,1,1
BRDA:83,3,0,2
BRDA:83,3,1,1
BRDA:84,4,0,1
BRDA:84,4,1,1
BRF:10
BRH:10
end_of_record
TN:
SF:src/formatReservations.js
FN:1,(anonymous_0)
FNF:1
FNH:1
FNDA:5,(anonymous_0)
DA:1,2
DA:2,5
DA:11,2
LF:3
LH:3
BRF:0
BRH:0
end_of_record
TN:
SF:src/formatRestaurants.js
FN:1,(anonymous_0)
FNF:1
FNH:1
FNDA:5,(anonymous_0)
DA:1,2
DA:2,5
DA:10,2
LF:3
LH:3
BRF:0
BRH:0
end_of_record
TN:
SF:src/models/ReservationModel.js
FNF:0
FNH:0
DA:3,4
DA:4,4
DA:6,4
DA:13,4
DA:14,4
LF:5
LH:5
BRF:0
BRH:0
end_of_record
TN:
SF:src/models/RestaurantModel.js
FNF:0
FNH:0
DA:3,4
DA:4,4
DA:6,4
DA:12,4
DA:13,4
LF:5
LH:5
BRF:0
BRH:0
end_of_record
TN:
SF:src/utils/validId.js
FN:3,(anonymous_0)
FNF:1
FNH:1
FNDA:9,(anonymous_0)
DA:1,2
DA:3,2
DA:4,9
DA:7,2
LF:4
LH:4
BRF:0
BRH:0
end_of_record
